0&split; <h3 style="margin: 0px;">Script Errors</h3>
&split;1&split;Could not load the initialization script.  File may be missing or in the wrong directory.  Please contact the webmaster to alert them of this issue.
&split;2&split;Could not load the database package.  File may be missing or in the wrong directory.  Please contact the webmaster to alert them of this issue.
&split;3&split;Could not load the constants package.  File may be missing or in the wrong directory.  Please contact the webmaster to alert them of this issue.
&split;4&split;Could not load the variable cleaning functions package.  File may be missing or in the wrong directory.  Please contact the webmaster to alert them of this issue.
&split;5&split;Could not load the server time package.  File may be missing or in the wrong directory.  Please contact the webmaster to alert them of this issue.
&split;6&split;Could not load the basic functions package.  File may be missing or in the wrong directory.  Please contact the webmaster to alert them of this issue.
&split;7&split;Could not load the main site data from the database.  Script may be missing or in the wrong directory or the database may be set up incorrectly.  Please contact the webmaster to alert them of this issue.
&split;8&split;Could not load the server data.  Script may be missing or in the wrong directory.  Please contact the webmaster to alert them of this issue.
&split;9&split;Could not load the user data.  Script may be missing or in the wrong directory.  Please contact the webmaster to alert them of this issue.
&split;10&split;Could not load the page data.  Script may be missing or in the wrong directory.  Please contact the webmaster to alert them of this issue.
&split;11&split;Could not load the package initialization script.  Script may be missing or in the wrong directory.  Please contact the webmaster to alert them of this issue.
&split;12&split;Could not load the template class.  Script may be missing or in the wrong directory.  Please contact the webmaster to alert them of this issue.
&split;13&split;Could not load the page class.  Script may be missing or in the wrong directory.  Please contact the webmaster to alert them of this issue.
&split;14&split;Could not load the word filter class.  Script may be missing or in the wrong directory.  Please contact the webmaster to alert them of this issue.
&split;15&split;Could not load the stats script.  Script may be missing or in the wrong directory.  Please contact the webmaster to alert them of this issue.
&split;16&split;Could not load the captcha class.  Script may be missing or in the wrong directory.  Please contact the webmaster to alert them of this issue.
&split;17&split;Could not load the lang globals.  Script may be missing or in the wrong directory.  Please contact the webmaster to alert them of this issue.
&split;18&split;Could not load the phpmailer class.  Script may be missing or in the wrong directory.  Please contact the webmaster to alert them of this issue.
&split;19&split;Could not load the envelope class.  Script may be missing or in the wrong directory.  Please contact the webmaster to alert them of this issue.
&split;20&split;Could not set the session cookie.  Please contact the webmaster to alert them of this issue.
&split;21&split;Could not set the user id cookie.  Please contact the webmaster to alert them of this issue.
&split;30&split;Could not load the main page template.  The file could be missing or in the wrong directory.  Please contact the webmaster to alert them of this issue
&split;31&split;Could not load the login page template.  The file could be missing or in the wrong directory.  Please contact the webmaster to alert them of this issue
&split;100&split;Could not load files associated with the preformatted content generation script.  The files could be missing or in the wrong directory.  Please contact the webmaster to alert them of this issue
&split;101&split;Could not load files associated with the title generation script.  The files could be missing or in the wrong directory.  Please contact the webmaster to alert them of this issue
&split;102&split;Could not load files associated with the form mail script.  The files could be missing or in the wrong directory.  Please contact the webmaster to alert them of this issue
&split;103&split;Could not load files associated with the menu script.  The files could be missing or in the wrong directory.  Please contact the webmaster to alert them of this issue
&split;104&split;Could not load files associated with the site map script.  The files could be missing or in the wrong directory.  Please contact the webmaster to alert them of this issue
&split;105&split;Could not load files associated with the news script.  The files could be missing or in the wrong directory.  Please contact the webmaster to alert them of this issue
&split;106&split;Could not load files associated with the newssum script.  The files could be missing or in the wrong directory.  Please contact the webmaster to alert them of this issue
&split;200&split;Could not load the login class.  Script may be missing or in the wrong directory.  Please contact the webmaster to alert them of this issue.
&split;201&split;Could not load the logout class.  Script may be missing or in the wrong directory.  Please contact the webmaster to alert them of this issue.
&split;202&split;Could not load the register class.  Script may be missing or in the wrong directory.  Please contact the webmaster to alert them of this issue.
&split;203&split;Could not load the reset class.  Script may be missing or in the wrong directory.  Please contact the webmaster to alert them of this issue.
&split;204&split;Could not load the login globals script.  Script may be missing or in the wrong directory.  Please contact the webmaster to alert them of this issue.
&split;205&split;Could not load the session class.  Script may be missing or in the wrong directory.  Please contact the webmaster to alert them of this issue.
&split;206&split;Could not load the root auth class.  Script may be missing or in the wrong directory.  Please contact the webmaster to alert them of this issue.
&split;207&split;Could not load the auth class.  Script may be missing or in the wrong directory.  Please contact the webmaster to alert them of this issue.
&split;300&split;Could not log user into the system.  Database may be incorrectly configured or user may not have cookies turned on.  Please contact the webmaster to alert them of this issue.